Arguments: 
  C:\Program Files\nodejs\node.exe C:\Users\Absolute Robotics\AppData\Roaming\npm\node_modules\yarn\bin\yarn.js install

PATH: 
  C:\Windows\System32;C:\WINDOWS;C:\WINDOWS\System32\Wbem;C:\WINDOWS\System32\WindowsPowerShell\v1.0\;C:\WINDOWS\System32\OpenSSH\;C:\Program Files (x86)\Windows Live\Shared;C:\ProgramData\chocolatey\bin;C:\Program Files\Git\cmd;C:\Program Files\Java\jdk1.8.0_211\bin;C:\ProgramData\chocolatey\lib\maven\apache-maven-3.8.5\bin;C:\Program Files\nodejs\;C:\Program Files\Amazon\AWSCLIV2\;C:\Users\Absolute Robotics\AppData\Local\pnpm;C:\Users\Absolute Robotics\AppData\Local\Programs\Python\Python310\;C:\Users\Absolute Robotics\AppData\Roaming\npm;C:\Program Files\heroku\bin;C:\Users\Absolute Robotics\AppData\Local\Programs\Microsoft VS Code\bin

Yarn version: 
  1.22.18

Node version: 
  16.15.0

Platform: 
  win32 x64

Trace: 
  Error: getaddrinfo ENOTFOUND registry.yarnpkg.com
      at GetAddrInfoReqWrap.onlookup [as oncomplete] (node:dns:71:26)

npm manifest: 
  {
    "name": "@tuomo/core",
    "private": true,
    "workspaces": [
      "packages/*"
    ],
    "scripts": {
      "build": "yarn lerna run add @tuomo/common --scope=@tuomo/web",
      "dev": "yarn lerna run dev",
      "test": "yarn lerna run test"
    },
    "devDependencies": {
      "lerna": "^6.4.1"
    }
  }

yarn manifest: 
  No manifest

Lockfile: 
  No lockfile
